# JRE version: OpenJDK Runtime Environment (17.0.6) (build 17.0.6+0-b2043.56-10027231)
# Java VM: OpenJDK 64-Bit Server VM (17.0.6+0-b2043.56-10027231, mixed mode, tiered, compressed oops, compressed class ptrs, g1 gc, windows-amd64)
GC Precious Log:
 CPUs: 4 total, 4 available
 Memory: 3863M
 Large Page Support: Disabled
 NUMA Support: Disabled
 Compressed Oops: Enabled (32-bit)
 Heap Region Size: 1M
 Heap Min Capacity: 8M
 Heap Initial Capacity: 62M
 Heap Max Capacity: 966M
 Pre-touch: Disabled
 Parallel Workers: 4
 Concurrent Workers: 1
 Concurrent Refinement Workers: 4
 Periodic GC: Disabled
Heap:
 garbage-first heap   total 76800K, used 49353K [0x00000000c3a00000, 0x0000000100000000)
  region size 1024K, 2 young (2048K), 2 survivors (2048K)
 Metaspace       used 53162K, committed 53440K, reserved 1097728K
  class space    used 6237K, committed 6400K, reserved 1048576K
GC Heap History (20 events):
Event: 66.079 GC heap before
{Heap before GC invocations=21 (full 0):
 garbage-first heap   total 55296K, used 43832K [0x00000000c3a00000, 0x0000000100000000)
  region size 1024K, 11 young (11264K), 2 survivors (2048K)
 Metaspace       used 50635K, committed 50944K, reserved 1097728K
  class space    used 6109K, committed 6272K, reserved 1048576K
}
Event: 66.091 GC heap after
{Heap after GC invocations=22 (full 0):
 garbage-first heap   total 55296K, used 36418K [0x00000000c3a00000, 0x0000000100000000)
  region size 1024K, 2 young (2048K), 2 survivors (2048K)
 Metaspace       used 50635K, committed 50944K, reserved 1097728K
  class space    used 6109K, committed 6272K, reserved 1048576K
}
Event: 67.194 GC heap before
{Heap before GC invocations=23 (full 0):
 garbage-first heap   total 66560K, used 39490K [0x00000000c3a00000, 0x0000000100000000)
  region size 1024K, 6 young (6144K), 2 survivors (2048K)
 Metaspace       used 50712K, committed 51008K, reserved 1097728K
  class space    used 6110K, committed 6272K, reserved 1048576K
}
Event: 67.202 GC heap after
{Heap after GC invocations=24 (full 0):
 garbage-first heap   total 66560K, used 37552K [0x00000000c3a00000, 0x0000000100000000)
  region size 1024K, 2 young (2048K), 2 survivors (2048K)
 Metaspace       used 50712K, committed 51008K, reserved 1097728K
  class space    used 6110K, committed 6272K, reserved 1048576K
}
Event: 68.868 GC heap before
{Heap before GC invocations=25 (full 0):
 garbage-first heap   total 66560K, used 49840K [0x00000000c3a00000, 0x0000000100000000)
  region size 1024K, 14 young (14336K), 2 survivors (2048K)
 Metaspace       used 50787K, committed 51072K, reserved 1097728K
  class space    used 6110K, committed 6272K, reserved 1048576K
}
Event: 68.880 GC heap after
{Heap after GC invocations=26 (full 0):
 garbage-first heap   total 66560K, used 40812K [0x00000000c3a00000, 0x0000000100000000)
  region size 1024K, 2 young (2048K), 2 survivors (2048K)
 Metaspace       used 50787K, committed 51072K, reserved 1097728K
  class space    used 6110K, committed 6272K, reserved 1048576K
}
Event: 69.348 GC heap before
{Heap before GC invocations=26 (full 0):
 garbage-first heap   total 66560K, used 41836K [0x00000000c3a00000, 0x0000000100000000)
  region size 1024K, 3 young (3072K), 2 survivors (2048K)
 Metaspace       used 50790K, committed 51072K, reserved 1097728K
  class space    used 6110K, committed 6272K, reserved 1048576K
}
Event: 69.357 GC heap after
{Heap after GC invocations=27 (full 0):
 garbage-first heap   total 66560K, used 41552K [0x00000000c3a00000, 0x0000000100000000)
  region size 1024K, 1 young (1024K), 1 survivors (1024K)
 Metaspace       used 50790K, committed 51072K, reserved 1097728K
  class space    used 6110K, committed 6272K, reserved 1048576K
}
Event: 70.006 GC heap before
{Heap before GC invocations=27 (full 0):
 garbage-first heap   total 66560K, used 50768K [0x00000000c3a00000, 0x0000000100000000)
  region size 1024K, 10 young (10240K), 1 survivors (1024K)
 Metaspace       used 50809K, committed 51072K, reserved 1097728K
  class space    used 6110K, committed 6272K, reserved 1048576K
}
Event: 70.009 GC heap after
{Heap after GC invocations=28 (full 0):
 garbage-first heap   total 66560K, used 41722K [0x00000000c3a00000, 0x0000000100000000)
  region size 1024K, 1 young (1024K), 1 survivors (1024K)
 Metaspace       used 50809K, committed 51072K, reserved 1097728K
  class space    used 6110K, committed 6272K, reserved 1048576K
}
Event: 79.378 GC heap before
{Heap before GC invocations=29 (full 0):
 garbage-first heap   total 73728K, used 50938K [0x00000000c3a00000, 0x0000000100000000)
  region size 1024K, 10 young (10240K), 1 survivors (1024K)
 Metaspace       used 51688K, committed 52032K, reserved 1097728K
  class space    used 6166K, committed 6336K, reserved 1048576K
}
Event: 79.401 GC heap after
{Heap after GC invocations=30 (full 0):
 garbage-first heap   total 73728K, used 44327K [0x00000000c3a00000, 0x0000000100000000)
  region size 1024K, 2 young (2048K), 2 survivors (2048K)
 Metaspace       used 51688K, committed 52032K, reserved 1097728K
  class space    used 6166K, committed 6336K, reserved 1048576K
}
Event: 79.594 GC heap before
{Heap before GC invocations=30 (full 0):
 garbage-first heap   total 73728K, used 45351K [0x00000000c3a00000, 0x0000000100000000)
  region size 1024K, 3 young (3072K), 2 survivors (2048K)
 Metaspace       used 51709K, committed 52032K, reserved 1097728K
  class space    used 6166K, committed 6336K, reserved 1048576K
}
Event: 79.600 GC heap after
{Heap after GC invocations=31 (full 0):
 garbage-first heap   total 73728K, used 42864K [0x00000000c3a00000, 0x0000000100000000)
  region size 1024K, 1 young (1024K), 1 survivors (1024K)
 Metaspace       used 51709K, committed 52032K, reserved 1097728K
  class space    used 6166K, committed 6336K, reserved 1048576K
}
Event: 86.198 GC heap before
{Heap before GC invocations=31 (full 0):
 garbage-first heap   total 73728K, used 56176K [0x00000000c3a00000, 0x0000000100000000)
  region size 1024K, 14 young (14336K), 1 survivors (1024K)
 Metaspace       used 52816K, committed 53056K, reserved 1097728K
  class space    used 6224K, committed 6336K, reserved 1048576K
}
Event: 86.244 GC heap after
{Heap after GC invocations=32 (full 0):
 garbage-first heap   total 73728K, used 45056K [0x00000000c3a00000, 0x0000000100000000)
  region size 1024K, 2 young (2048K), 2 survivors (2048K)
 Metaspace       used 52816K, committed 53056K, reserved 1097728K
  class space    used 6224K, committed 6336K, reserved 1048576K
}
Event: 90.276 GC heap before
{Heap before GC invocations=33 (full 0):
 garbage-first heap   total 76800K, used 57344K [0x00000000c3a00000, 0x0000000100000000)
  region size 1024K, 14 young (14336K), 2 survivors (2048K)
 Metaspace       used 52965K, committed 53184K, reserved 1097728K
  class space    used 6224K, committed 6336K, reserved 1048576K
}
Event: 90.327 GC heap after
{Heap after GC invocations=34 (full 0):
 garbage-first heap   total 76800K, used 47453K [0x00000000c3a00000, 0x0000000100000000)
  region size 1024K, 2 young (2048K), 2 survivors (2048K)
 Metaspace       used 52965K, committed 53184K, reserved 1097728K
  class space    used 6224K, committed 6336K, reserved 1048576K
}
Event: 90.383 GC heap before
{Heap before GC invocations=34 (full 0):
 garbage-first heap   total 76800K, used 48477K [0x00000000c3a00000, 0x0000000100000000)
  region size 1024K, 3 young (3072K), 2 survivors (2048K)
 Metaspace       used 52978K, committed 53248K, reserved 1097728K
  class space    used 6224K, committed 6336K, reserved 1048576K
}
Event: 90.407 GC heap after
{Heap after GC invocations=35 (full 0):
 garbage-first heap   total 76800K, used 47046K [0x00000000c3a00000, 0x0000000100000000)
  region size 1024K, 1 young (1024K), 1 survivors (1024K)
 Metaspace       used 52978K, committed 53248K, reserved 1097728K
  class space    used 6224K, committed 6336K, reserved 1048576K
}

